<?xml version="1.0" encoding="UTF-8"?>
<!-- Generated by org.testng.reporters.JUnitReportReporter -->
<testsuite skipped="0" hostname="IMCUBCP93-MSL1" name="RestAssuredDataDriven.RestAssuredDataDrivenFW.ExtractResonse" tests="1" failures="0" timestamp="2022-02-10T18:09:49 IST" time="2.177" errors="0">
  <testcase name="getUser" time="2.177" classname="RestAssuredDataDriven.RestAssuredDataDrivenFW.ExtractResonse"/>
  <system-out/>
</testsuite> <!-- RestAssuredDataDriven.RestAssuredDataDrivenFW.ExtractResonse -->
