<?xml version="1.0" encoding="UTF-8"?>
<!-- Generated by org.testng.reporters.JUnitReportReporter -->
<testsuite skipped="0" hostname="IMCUBCP93-MSL1" name="RestAssuredDataDriven.RestAssuredDataDrivenFW.BasicAuth" tests="2" failures="0" timestamp="2022-02-10T21:15:18 IST" time="1.378" errors="0">
  <testcase name="basicAuth" time="1.351" classname="RestAssuredDataDriven.RestAssuredDataDrivenFW.BasicAuth"/>
  <system-out/>
  <testcase name="basicAuthInvalidCred" time="0.027" classname="RestAssuredDataDriven.RestAssuredDataDrivenFW.BasicAuth"/>
  <system-out/>
</testsuite> <!-- RestAssuredDataDriven.RestAssuredDataDrivenFW.BasicAuth -->
