<?xml version="1.0" encoding="UTF-8"?>
<!-- Generated by org.testng.reporters.JUnitReportReporter -->
<testsuite skipped="0" hostname="IMCUBCP93-MSL1" name="RestAssuredDataDriven.RestAssuredDataDrivenFW.BasicAuthToken" tests="1" failures="0" timestamp="2022-02-10T21:19:07 IST" time="1.251" errors="0">
  <testcase name="basicAuth" time="1.251" classname="RestAssuredDataDriven.RestAssuredDataDrivenFW.BasicAuthToken"/>
  <system-out/>
</testsuite> <!-- RestAssuredDataDriven.RestAssuredDataDrivenFW.BasicAuthToken -->
