<?xml version="1.0" encoding="UTF-8"?>
<!-- Generated by org.testng.reporters.JUnitReportReporter -->
<testsuite skipped="0" hostname="IMCUBCP93-MSL1" name="RestAssuredDataDriven.RestAssuredDataDrivenFW.ExtractComplexSXML" tests="1" failures="0" timestamp="2022-02-10T20:05:48 IST" time="2.428" errors="0">
  <testcase name="getUser" time="2.428" classname="RestAssuredDataDriven.RestAssuredDataDrivenFW.ExtractComplexSXML"/>
  <system-out/>
</testsuite> <!-- RestAssuredDataDriven.RestAssuredDataDrivenFW.ExtractComplexSXML -->
