<?xml version="1.0" encoding="UTF-8"?>
<!-- Generated by org.testng.reporters.JUnitReportReporter -->
<testsuite skipped="0" hostname="IMCUBCP93-MSL1" name="RestAssuredDataDriven.RestAssuredDataDrivenFW.AppTest" tests="2" failures="0" timestamp="2022-02-10T17:47:43 IST" time="2.135" errors="0">
  <testcase name="getUser" time="0.659" classname="RestAssuredDataDriven.RestAssuredDataDrivenFW.AppTest"/>
  <system-out/>
  <testcase name="createUser" time="1.476" classname="RestAssuredDataDriven.RestAssuredDataDrivenFW.AppTest"/>
  <system-out/>
</testsuite> <!-- RestAssuredDataDriven.RestAssuredDataDrivenFW.AppTest -->
