<?xml version="1.0" encoding="UTF-8"?>
<!-- Generated by org.testng.reporters.JUnitReportReporter -->
<testsuite skipped="0" hostname="IMCUBCP93-MSL1" name="logs.ReadEmployee" tests="1" failures="0" timestamp="2022-02-11T00:54:23 IST" time="14.600" errors="0">
  <testcase name="readEmp_withId" time="14.600" classname="logs.ReadEmployee"/>
  <system-out/>
</testsuite> <!-- logs.ReadEmployee -->
