<?xml version="1.0" encoding="UTF-8"?>
<!-- Generated by org.testng.reporters.JUnitReportReporter -->
<testsuite skipped="0" hostname="IMCUBCP93-MSL1" name="RestAssuredDataDriven.RestAssuredDataDrivenFW.ReadEmployee" tests="2" failures="0" timestamp="2022-02-11T00:43:57 IST" time="29.031" errors="0">
  <testcase name="readEmp" time="28.605" classname="RestAssuredDataDriven.RestAssuredDataDrivenFW.ReadEmployee"/>
  <system-out/>
  <testcase name="readEmp_withId" time="0.426" classname="RestAssuredDataDriven.RestAssuredDataDrivenFW.ReadEmployee"/>
  <system-out/>
</testsuite> <!-- RestAssuredDataDriven.RestAssuredDataDrivenFW.ReadEmployee -->
