<?xml version="1.0" encoding="UTF-8"?>
<!-- Generated by org.testng.reporters.JUnitReportReporter -->
<testsuite skipped="0" hostname="IMCUBCP93-MSL1" name="RestAssuredDataDriven.RestAssuredDataDrivenFW.ExtractComplexJson" tests="1" failures="0" timestamp="2022-02-10T19:39:55 IST" time="2.281" errors="0">
  <testcase name="getUser" time="2.281" classname="RestAssuredDataDriven.RestAssuredDataDrivenFW.ExtractComplexJson"/>
  <system-out/>
</testsuite> <!-- RestAssuredDataDriven.RestAssuredDataDrivenFW.ExtractComplexJson -->
